<?xml version="1.0" encoding="UTF-8"?>
<!-- Generated by org.testng.reporters.JUnitReportReporter -->
<testsuite hostname="DESKTOP-36U1UMT" failures="0" tests="1" name="TestCases.TestCase4" time="6.233" errors="0" timestamp="2021-09-01T20:23:38 PDT" skipped="0">
  <testcase classname="TestCases.TestCase4" name="ValidatePrices" time="6.233"/>
  <system-out/>
</testsuite> <!-- TestCases.TestCase4 -->
